#
# A fatal error has been detected by the Java Runtime Environment:
#
#  EXCEPTION_ACCESS_VIOLATION (0xc0000005) at pc=0x00007ffd242c1ff2, pid=14100, tid=14068
#
# JRE version: Java(TM) SE Runtime Environment (9.0+11) (build 9.0.1+11)
# Java VM: Java HotSpot(TM) 64-Bit Server VM (9.0.1+11, mixed mode, tiered, compressed oops, g1 gc, windows-amd64)
# Problematic frame:
# C  [opengl32.dll+0x31ff2]
#
# No core dump will be written. Minidumps are not enabled by default on client versions of Windows
#
# If you would like to submit a bug report, please visit:
#   http://bugreport.java.com/bugreport/crash.jsp
# The crash happened outside the Java Virtual Machine in native code.
# See problematic frame for where to report the bug.
#

---------------  S U M M A R Y ------------

Command Line: -Dfile.encoding=windows-1252 -Duser.country=US -Duser.language=en -Duser.variant net.sknv.game.Main

Host: Intel(R) Core(TM) i5-4690K CPU @ 3.50GHz, 4 cores, 15G,  Windows 10 , 64 bit Build 18362 (10.0.18362.1110)
Time: Fri Dec 25 19:09:39 2020 GMT Standard Time elapsed time: 26 seconds (0d 0h 0m 26s)

---------------  T H R E A D  ---------------

Current thread (0x00000220a5faa000):  JavaThread "Thread-0" daemon [_thread_in_native, id=14068, stack(0x000000adfa100000,0x000000adfa200000)]

Stack: [0x000000adfa100000,0x000000adfa200000],  sp=0x000000adfa1fef80,  free space=1019k
Native frames: (J=compiled Java code, j=interpreted, Vv=VM code, C=native code)
C  [opengl32.dll+0x31ff2]
C  0x000002208a66921c

Java frames: (J=compiled Java code, j=interpreted, Vv=VM code)
j  org.lwjgl.system.JNI.callI(J)I+0
j  org.lwjgl.opengl.GL.createCapabilities(Z)Lorg/lwjgl/opengl/GLCapabilities;+80
j  org.lwjgl.opengl.GL.createCapabilities()Lorg/lwjgl/opengl/GLCapabilities;+1
j  net.sknv.engine.Scene.load(Ljava/lang/String;)V+0
j  net.sknv.game.CommandExecutor.execute(Ljava/lang/String;)V+216
j  net.sknv.game.Terminal.run()V+23
v  ~StubRoutines::call_stub

siginfo: EXCEPTION_ACCESS_VIOLATION (0xc0000005), reading address 0x0000000000000828


Register to memory mapping:

RIP=0x00007ffd242c1ff2 opengl32.dll
RAX=0x0000000000000000 is an unknown value
RBX={method} {0x00000220a6886600} 'callI' '(J)I' in 'org/lwjgl/system/JNI'
RCX=0x000000adf85b5000 is an unknown value
RDX=0x000000adfa1ff038 is pointing into the stack for thread: 0x00000220a5faa000
RSP=0x000000adfa1fef80 is pointing into the stack for thread: 0x00000220a5faa000
RBP=0x000000adfa1ff028 is pointing into the stack for thread: 0x00000220a5faa000
RSI=0x00000006c8580c78 is an oop
org.lwjgl.system.MemoryStack 
{0x00000006c8580c78} - klass: 'org/lwjgl/system/MemoryStack'
RDI=0x00000220a691e828 is pointing into metadata
R8 =0x00007ffd242c1fd0 opengl32.dll
R9 =0x0000000000000008 is an unknown value
R10=0x000002208a6691f0 is at code_begin+976 in an Interpreter codelet
method entry point (kind = native)  [0x000002208a668e20, 0x000002208a669980]  2912 bytes
R11=0x00000006c0fab2e8 is an oop
java.lang.Class 
{0x00000006c0fab2e8} - klass: 'java/lang/Class'
R12=0x0000000000000000 is an unknown value
R13={method} {0x00000220a6886600} 'callI' '(J)I' in 'org/lwjgl/system/JNI'
R14=0x000000adfa1ff050 is pointing into the stack for thread: 0x00000220a5faa000
R15=0x00000220a5faa000 is a thread


Registers:
RAX=0x0000000000000000, RBX=0x00000220a68865f8, RCX=0x000000adf85b5000, RDX=0x000000adfa1ff038
RSP=0x000000adfa1fef80, RBP=0x000000adfa1ff028, RSI=0x00000006c8580c78, RDI=0x00000220a691e828
R8 =0x00007ffd242c1fd0, R9 =0x0000000000000008, R10=0x000002208a6691f0, R11=0x00000006c0fab2e8
R12=0x0000000000000000, R13=0x00000220a68865f8, R14=0x000000adfa1ff050, R15=0x00000220a5faa000
RIP=0x00007ffd242c1ff2, EFLAGS=0x0000000000010287

Top of Stack: (sp=0x000000adfa1fef80)
0x000000adfa1fef80:   00000006c1139078 00000006c8580de0
0x000000adfa1fef90:   00000006c8580d40 00000006c8580cd8
0x000000adfa1fefa0:   000000adfa1ff0a0 000002208a66921c
0x000000adfa1fefb0:   0000000000000000 000000adfa1ff120
0x000000adfa1fefc0:   00000220ad2c71c8 00000000000000b8
0x000000adfa1fefd0:   000002208a658900 0000022000000000
0x000000adfa1fefe0:   000000adfa1fefe0 0000000000000000
0x000000adfa1feff0:   000000adfa1ff050 00000220a68aad10
0x000000adfa1ff000:   0000000000000000 00000006c0fab2e8
0x000000adfa1ff010:   00000220a68865f8 0000000000000000
0x000000adfa1ff020:   000000adfa1ff048 000000adfa1ff0a0
0x000000adfa1ff030:   000002208a65b040 00000006c0fab2e8
0x000000adfa1ff040:   000002208a666116 00007ffd242c1fd0
0x000000adfa1ff050:   0000000000000000 000000adfa1ff058
0x000000adfa1ff060:   00000220a68b8a38 000000adfa1ff168
0x000000adfa1ff070:   00000220a68ba230 0000000000000000 

Instructions: (pc=0x00007ffd242c1ff2)
0x00007ffd242c1fd2:   ec 28 8b 0d d6 73 0f 00 83 f9 40 73 25 65 48 8b
0x00007ffd242c1fe2:   0c 25 30 00 00 00 8b 05 9a 49 11 00 48 8b 04 01
0x00007ffd242c1ff2:   48 8b 80 28 08 00 00 48 83 c4 28 48 ff 25 74 63
0x00007ffd242c2002:   0d 00 ff 15 b6 5e 0d 00 48 8b 80 28 08 00 00 48 



---------------  P R O C E S S  ---------------

Java Threads: ( => current thread )
  0x00000220a86d1000 JavaThread "AWT-Windows" daemon [_thread_in_native, id=13120, stack(0x000000adfab00000,0x000000adfac00000)]
  0x00000220aeac3800 JavaThread "Java2D Disposer" daemon [_thread_blocked, id=13564, stack(0x000000adfa900000,0x000000adfaa00000)]
=>0x00000220a5faa000 JavaThread "Thread-0" daemon [_thread_in_native, id=14068, stack(0x000000adfa100000,0x000000adfa200000)]
  0x00000220a5e4c000 JavaThread "Service Thread" daemon [_thread_blocked, id=13520, stack(0x000000adf9f00000,0x000000adfa000000)]
  0x00000220a5d0f800 JavaThread "Common-Cleaner" daemon [_thread_blocked, id=8724, stack(0x000000adf9e00000,0x000000adf9f00000)]
  0x00000220a532e000 JavaThread "Sweeper thread" daemon [_thread_blocked, id=1296, stack(0x000000adf9d00000,0x000000adf9e00000)]
  0x00000220a532c000 JavaThread "C1 CompilerThread2" daemon [_thread_blocked, id=3936, stack(0x000000adf9c00000,0x000000adf9d00000)]
  0x00000220a5327000 JavaThread "C2 CompilerThread1" daemon [_thread_blocked, id=8304, stack(0x000000adf9b00000,0x000000adf9c00000)]
  0x00000220a5322000 JavaThread "C2 CompilerThread0" daemon [_thread_blocked, id=13344, stack(0x000000adf9a00000,0x000000adf9b00000)]
  0x00000220a5c73000 JavaThread "Attach Listener" daemon [_thread_blocked, id=4088, stack(0x000000adf9900000,0x000000adf9a00000)]
  0x00000220a5c72800 JavaThread "Signal Dispatcher" daemon [_thread_blocked, id=5012, stack(0x000000adf9800000,0x000000adf9900000)]
  0x00000220a5316000 JavaThread "Finalizer" daemon [_thread_blocked, id=2500, stack(0x000000adf9700000,0x000000adf9800000)]
  0x00000220a5305000 JavaThread "Reference Handler" daemon [_thread_blocked, id=492, stack(0x000000adf9600000,0x000000adf9700000)]
  0x00000220fd477800 JavaThread "main" [_thread_in_native, id=13764, stack(0x000000adf8900000,0x000000adf8a00000)]

Other Threads:
  0x00000220a52fc800 VMThread "VM Thread" [stack: 0x000000adf9500000,0x000000adf9600000] [id=4172]
  0x00000220a5e99800 WatcherThread [stack: 0x000000adfa000000,0x000000adfa100000] [id=13904]
  0x00000220fd48f800 GCTaskThread "GC Thread#0" [stack: 0x000000adf8a00000,0x000000adf8b00000] [id=32]
  0x00000220fd491000 GCTaskThread "GC Thread#1" [stack: 0x000000adf8b00000,0x000000adf8c00000] [id=7672]
  0x00000220fd492800 GCTaskThread "GC Thread#2" [stack: 0x000000adf8c00000,0x000000adf8d00000] [id=5428]
  0x00000220fd496000 GCTaskThread "GC Thread#3" [stack: 0x000000adf8d00000,0x000000adf8e00000] [id=8392]
  0x00000220fd4e9800 ConcurrentGCThread "G1 Main Marker" [stack: 0x000000adf9300000,0x000000adf9400000] [id=12108]
  0x00000220fd4eb000 ConcurrentGCThread "G1 Marker#0" [stack: 0x000000adf9400000,0x000000adf9500000] [id=10552]
  0x00000220fd4a3800 ConcurrentGCThread "G1 Refine#0" [stack: 0x000000adf9100000,0x000000adf9200000] [id=8472]
  0x00000220fd4a2800 ConcurrentGCThread "G1 Refine#1" [stack: 0x000000adf9000000,0x000000adf9100000] [id=7584]
  0x00000220fd49c800 ConcurrentGCThread "G1 Refine#2" [stack: 0x000000adf8f00000,0x000000adf9000000] [id=11788]
  0x00000220fd499000 ConcurrentGCThread "G1 Refine#3" [stack: 0x000000adf8e00000,0x000000adf8f00000] [id=10556]
  0x00000220fd4a6800 ConcurrentGCThread "G1 Young RemSet Sampling" [stack: 0x000000adf9200000,0x000000adf9300000] [id=1956]

Threads with active compile tasks:

VM state:not at safepoint (normal execution)

VM Mutex/Monitor currently owned by a thread: None

Heap address: 0x00000006c0e00000, size: 4082 MB, Compressed Oops mode: Zero based, Oop shift amount: 3
Narrow klass base: 0x0000000000000000, Narrow klass shift: 3
Compressed class space size: 1073741824 Address: 0x00000007c0000000

Heap:
 garbage-first heap   total 262144K, used 151370K [0x00000006c0e00000, 0x00000006c0f00800, 0x00000007c0000000)
  region size 1024K, 145 young (148480K), 2 survivors (2048K)
 Metaspace       used 19120K, capacity 20003K, committed 20224K, reserved 1067008K
  class space    used 1534K, capacity 1704K, committed 1792K, reserved 1048576K
Heap Regions: E=young(eden), S=young(survivor), O=old, HS=humongous(starts), HC=humongous(continues), CS=collection set, F=free, A=archive, TS=gc time stamp, AC=allocation context, TAMS=top-at-mark-start (previous, next)
|   0|0x00000006c0e00000, 0x00000006c0f00000, 0x00000006c0f00000|100%| O|  |TS  1|AC  0|TAMS 0x00000006c0e00000, 0x00000006c0e00000|
|   1|0x00000006c0f00000, 0x00000006c1000000, 0x00000006c1000000|100%| O|  |TS  3|AC  0|TAMS 0x00000006c0f00000, 0x00000006c0f00000|
|   2|0x00000006c1000000, 0x00000006c1100000, 0x00000006c1100000|100%| O|  |TS  3|AC  0|TAMS 0x00000006c1000000, 0x00000006c1000000|
|   3|0x00000006c1100000, 0x00000006c1200000, 0x00000006c1200000|100%| O|  |TS  5|AC  0|TAMS 0x00000006c1100000, 0x00000006c1100000|
|   4|0x00000006c1200000, 0x00000006c12bd800, 0x00000006c1300000| 74%| O|  |TS 31|AC  0|TAMS 0x00000006c1200000, 0x00000006c1200000|
|   5|0x00000006c1300000, 0x00000006c1300000, 0x00000006c1400000|  0%| F|  |TS  0|AC  0|TAMS 0x00000006c1300000, 0x00000006c1300000|
|   6|0x00000006c1400000, 0x00000006c1400000, 0x00000006c1500000|  0%| F|  |TS  0|AC  0|TAMS 0x00000006c1400000, 0x00000006c1400000|
|   7|0x00000006c1500000, 0x00000006c1500000, 0x00000006c1600000|  0%| F|  |TS  0|AC  0|TAMS 0x00000006c1500000, 0x00000006c1500000|
|   8|0x00000006c1600000, 0x00000006c1600000, 0x00000006c1700000|  0%| F|  |TS  0|AC  0|TAMS 0x00000006c1600000, 0x00000006c1600000|
|   9|0x00000006c1700000, 0x00000006c1700000, 0x00000006c1800000|  0%| F|  |TS  0|AC  0|TAMS 0x00000006c1700000, 0x00000006c1700000|
|  10|0x00000006c1800000, 0x00000006c1800000, 0x00000006c1900000|  0%| F|  |TS  0|AC  0|TAMS 0x00000006c1800000, 0x00000006c1800000|
|  11|0x00000006c1900000, 0x00000006c1900000, 0x00000006c1a00000|  0%| F|  |TS  0|AC  0|TAMS 0x00000006c1900000, 0x00000006c1900000|
|  12|0x00000006c1a00000, 0x00000006c1a00000, 0x00000006c1b00000|  0%| F|  |TS  0|AC  0|TAMS 0x00000006c1a00000, 0x00000006c1a00000|
|  13|0x00000006c1b00000, 0x00000006c1b00000, 0x00000006c1c00000|  0%| F|  |TS  0|AC  0|TAMS 0x00000006c1b00000, 0x00000006c1b00000|
|  14|0x00000006c1c00000, 0x00000006c1c00000, 0x00000006c1d00000|  0%| F|  |TS  0|AC  0|TAMS 0x00000006c1c00000, 0x00000006c1c00000|
|  15|0x00000006c1d00000, 0x00000006c1d00000, 0x00000006c1e00000|  0%| F|  |TS  0|AC  0|TAMS 0x00000006c1d00000, 0x00000006c1d00000|
|  16|0x00000006c1e00000, 0x00000006c1e00000, 0x00000006c1f00000|  0%| F|  |TS  0|AC  0|TAMS 0x00000006c1e00000, 0x00000006c1e00000|
|  17|0x00000006c1f00000, 0x00000006c1f00000, 0x00000006c2000000|  0%| F|  |TS  0|AC  0|TAMS 0x00000006c1f00000, 0x00000006c1f00000|
|  18|0x00000006c2000000, 0x00000006c2000000, 0x00000006c2100000|  0%| F|  |TS  0|AC  0|TAMS 0x00000006c2000000, 0x00000006c2000000|
|  19|0x00000006c2100000, 0x00000006c2100000, 0x00000006c2200000|  0%| F|  |TS  0|AC  0|TAMS 0x00000006c2100000, 0x00000006c2100000|
|  20|0x00000006c2200000, 0x00000006c2200000, 0x00000006c2300000|  0%| F|  |TS  0|AC  0|TAMS 0x00000006c2200000, 0x00000006c2200000|
|  21|0x00000006c2300000, 0x00000006c2300000, 0x00000006c2400000|  0%| F|  |TS  0|AC  0|TAMS 0x00000006c2300000, 0x00000006c2300000|
|  22|0x00000006c2400000, 0x00000006c2400000, 0x00000006c2500000|  0%| F|  |TS  0|AC  0|TAMS 0x00000006c2400000, 0x00000006c2400000|
|  23|0x00000006c2500000, 0x00000006c2500000, 0x00000006c2600000|  0%| F|  |TS  0|AC  0|TAMS 0x00000006c2500000, 0x00000006c2500000|
|  24|0x00000006c2600000, 0x00000006c2600000, 0x00000006c2700000|  0%| F|  |TS  0|AC  0|TAMS 0x00000006c2600000, 0x00000006c2600000|
|  25|0x00000006c2700000, 0x00000006c2700000, 0x00000006c2800000|  0%| F|  |TS  0|AC  0|TAMS 0x00000006c2700000, 0x00000006c2700000|
|  26|0x00000006c2800000, 0x00000006c2800000, 0x00000006c2900000|  0%| F|  |TS  0|AC  0|TAMS 0x00000006c2800000, 0x00000006c2800000|
|  27|0x00000006c2900000, 0x00000006c2900000, 0x00000006c2a00000|  0%| F|  |TS  0|AC  0|TAMS 0x00000006c2900000, 0x00000006c2900000|
|  28|0x00000006c2a00000, 0x00000006c2a00000, 0x00000006c2b00000|  0%| F|  |TS  0|AC  0|TAMS 0x00000006c2a00000, 0x00000006c2a00000|
|  29|0x00000006c2b00000, 0x00000006c2b00000, 0x00000006c2c00000|  0%| F|  |TS  0|AC  0|TAMS 0x00000006c2b00000, 0x00000006c2b00000|
|  30|0x00000006c2c00000, 0x00000006c2c00000, 0x00000006c2d00000|  0%| F|  |TS  0|AC  0|TAMS 0x00000006c2c00000, 0x00000006c2c00000|
|  31|0x00000006c2d00000, 0x00000006c2d00000, 0x00000006c2e00000|  0%| F|  |TS  0|AC  0|TAMS 0x00000006c2d00000, 0x00000006c2d00000|
|  32|0x00000006c2e00000, 0x00000006c2e00000, 0x00000006c2f00000|  0%| F|  |TS  0|AC  0|TAMS 0x00000006c2e00000, 0x00000006c2e00000|
|  33|0x00000006c2f00000, 0x00000006c2f00000, 0x00000006c3000000|  0%| F|  |TS  0|AC  0|TAMS 0x00000006c2f00000, 0x00000006c2f00000|
|  34|0x00000006c3000000, 0x00000006c3000000, 0x00000006c3100000|  0%| F|  |TS  0|AC  0|TAMS 0x00000006c3000000, 0x00000006c3000000|
|  35|0x00000006c3100000, 0x00000006c3100000, 0x00000006c3200000|  0%| F|  |TS  0|AC  0|TAMS 0x00000006c3100000, 0x00000006c3100000|
|  36|0x00000006c3200000, 0x00000006c3200000, 0x00000006c3300000|  0%| F|  |TS  0|AC  0|TAMS 0x00000006c3200000, 0x00000006c3200000|
|  37|0x00000006c3300000, 0x00000006c3300000, 0x00000006c3400000|  0%| F|  |TS  0|AC  0|TAMS 0x00000006c3300000, 0x00000006c3300000|
|  38|0x00000006c3400000, 0x00000006c3400000, 0x00000006c3500000|  0%| F|  |TS  0|AC  0|TAMS 0x00000006c3400000, 0x00000006c3400000|
|  39|0x00000006c3500000, 0x00000006c3500000, 0x00000006c3600000|  0%| F|  |TS  0|AC  0|TAMS 0x00000006c3500000, 0x00000006c3500000|
|  40|0x00000006c3600000, 0x00000006c3600000, 0x00000006c3700000|  0%| F|  |TS  0|AC  0|TAMS 0x00000006c3600000, 0x00000006c3600000|
|  41|0x00000006c3700000, 0x00000006c3700000, 0x00000006c3800000|  0%| F|  |TS  0|AC  0|TAMS 0x00000006c3700000, 0x00000006c3700000|
|  42|0x00000006c3800000, 0x00000006c3800000, 0x00000006c3900000|  0%| F|  |TS  0|AC  0|TAMS 0x00000006c3800000, 0x00000006c3800000|
|  43|0x00000006c3900000, 0x00000006c3900000, 0x00000006c3a00000|  0%| F|  |TS  0|AC  0|TAMS 0x00000006c3900000, 0x00000006c3900000|
|  44|0x00000006c3a00000, 0x00000006c3a00000, 0x00000006c3b00000|  0%| F|  |TS  0|AC  0|TAMS 0x00000006c3a00000, 0x00000006c3a00000|
|  45|0x00000006c3b00000, 0x00000006c3b00000, 0x00000006c3c00000|  0%| F|  |TS  0|AC  0|TAMS 0x00000006c3b00000, 0x00000006c3b00000|
|  46|0x00000006c3c00000, 0x00000006c3c00000, 0x00000006c3d00000|  0%| F|  |TS  0|AC  0|TAMS 0x00000006c3c00000, 0x00000006c3c00000|
|  47|0x00000006c3d00000, 0x00000006c3d00000, 0x00000006c3e00000|  0%| F|  |TS  0|AC  0|TAMS 0x00000006c3d00000, 0x00000006c3d00000|
|  48|0x00000006c3e00000, 0x00000006c3e00000, 0x00000006c3f00000|  0%| F|  |TS  0|AC  0|TAMS 0x00000006c3e00000, 0x00000006c3e00000|
|  49|0x00000006c3f00000, 0x00000006c3f00000, 0x00000006c4000000|  0%| F|  |TS  0|AC  0|TAMS 0x00000006c3f00000, 0x00000006c3f00000|
|  50|0x00000006c4000000, 0x00000006c4000000, 0x00000006c4100000|  0%| F|  |TS  0|AC  0|TAMS 0x00000006c4000000, 0x00000006c4000000|
|  51|0x00000006c4100000, 0x00000006c4100000, 0x00000006c4200000|  0%| F|  |TS  0|AC  0|TAMS 0x00000006c4100000, 0x00000006c4100000|
|  52|0x00000006c4200000, 0x00000006c4200000, 0x00000006c4300000|  0%| F|  |TS  0|AC  0|TAMS 0x00000006c4200000, 0x00000006c4200000|
|  53|0x00000006c4300000, 0x00000006c4300000, 0x00000006c4400000|  0%| F|  |TS  0|AC  0|TAMS 0x00000006c4300000, 0x00000006c4300000|
|  54|0x00000006c4400000, 0x00000006c4400000, 0x00000006c4500000|  0%| F|  |TS  0|AC  0|TAMS 0x00000006c4400000, 0x00000006c4400000|
|  55|0x00000006c4500000, 0x00000006c4500000, 0x00000006c4600000|  0%| F|  |TS  0|AC  0|TAMS 0x00000006c4500000, 0x00000006c4500000|
|  56|0x00000006c4600000, 0x00000006c4600000, 0x00000006c4700000|  0%| F|  |TS  0|AC  0|TAMS 0x00000006c4600000, 0x00000006c4600000|
|  57|0x00000006c4700000, 0x00000006c4700000, 0x00000006c4800000|  0%| F|  |TS  0|AC  0|TAMS 0x00000006c4700000, 0x00000006c4700000|
|  58|0x00000006c4800000, 0x00000006c4800000, 0x00000006c4900000|  0%| F|  |TS  0|AC  0|TAMS 0x00000006c4800000, 0x00000006c4800000|
|  59|0x00000006c4900000, 0x00000006c4900000, 0x00000006c4a00000|  0%| F|  |TS  0|AC  0|TAMS 0x00000006c4900000, 0x00000006c4900000|
|  60|0x00000006c4a00000, 0x00000006c4a00000, 0x00000006c4b00000|  0%| F|  |TS  0|AC  0|TAMS 0x00000006c4a00000, 0x00000006c4a00000|
|  61|0x00000006c4b00000, 0x00000006c4b00000, 0x00000006c4c00000|  0%| F|  |TS  0|AC  0|TAMS 0x00000006c4b00000, 0x00000006c4b00000|
|  62|0x00000006c4c00000, 0x00000006c4c00000, 0x00000006c4d00000|  0%| F|  |TS  0|AC  0|TAMS 0x00000006c4c00000, 0x00000006c4c00000|
|  63|0x00000006c4d00000, 0x00000006c4d00000, 0x00000006c4e00000|  0%| F|  |TS  0|AC  0|TAMS 0x00000006c4d00000, 0x00000006c4d00000|
|  64|0x00000006c4e00000, 0x00000006c4e00000, 0x00000006c4f00000|  0%| F|  |TS  0|AC  0|TAMS 0x00000006c4e00000, 0x00000006c4e00000|
|  65|0x00000006c4f00000, 0x00000006c4f00000, 0x00000006c5000000|  0%| F|  |TS  0|AC  0|TAMS 0x00000006c4f00000, 0x00000006c4f00000|
|  66|0x00000006c5000000, 0x00000006c5000000, 0x00000006c5100000|  0%| F|  |TS  0|AC  0|TAMS 0x00000006c5000000, 0x00000006c5000000|
|  67|0x00000006c5100000, 0x00000006c5100000, 0x00000006c5200000|  0%| F|  |TS  0|AC  0|TAMS 0x00000006c5100000, 0x00000006c5100000|
|  68|0x00000006c5200000, 0x00000006c5200000, 0x00000006c5300000|  0%| F|  |TS  0|AC  0|TAMS 0x00000006c5200000, 0x00000006c5200000|
|  69|0x00000006c5300000, 0x00000006c5300000, 0x00000006c5400000|  0%| F|  |TS  0|AC  0|TAMS 0x00000006c5300000, 0x00000006c5300000|
|  70|0x00000006c5400000, 0x00000006c5400000, 0x00000006c5500000|  0%| F|  |TS  0|AC  0|TAMS 0x00000006c5400000, 0x00000006c5400000|
|  71|0x00000006c5500000, 0x00000006c5500000, 0x00000006c5600000|  0%| F|  |TS  0|AC  0|TAMS 0x00000006c5500000, 0x00000006c5500000|
|  72|0x00000006c5600000, 0x00000006c5600000, 0x00000006c5700000|  0%| F|  |TS  0|AC  0|TAMS 0x00000006c5600000, 0x00000006c5600000|
|  73|0x00000006c5700000, 0x00000006c5700000, 0x00000006c5800000|  0%| F|  |TS  0|AC  0|TAMS 0x00000006c5700000, 0x00000006c5700000|
|  74|0x00000006c5800000, 0x00000006c5800000, 0x00000006c5900000|  0%| F|  |TS  0|AC  0|TAMS 0x00000006c5800000, 0x00000006c5800000|
|  75|0x00000006c5900000, 0x00000006c5900000, 0x00000006c5a00000|  0%| F|  |TS  0|AC  0|TAMS 0x00000006c5900000, 0x00000006c5900000|
|  76|0x00000006c5a00000, 0x00000006c5a00000, 0x00000006c5b00000|  0%| F|  |TS  0|AC  0|TAMS 0x00000006c5a00000, 0x00000006c5a00000|
|  77|0x00000006c5b00000, 0x00000006c5b00000, 0x00000006c5c00000|  0%| F|  |TS  0|AC  0|TAMS 0x00000006c5b00000, 0x00000006c5b00000|
|  78|0x00000006c5c00000, 0x00000006c5c00000, 0x00000006c5d00000|  0%| F|  |TS  0|AC  0|TAMS 0x00000006c5c00000, 0x00000006c5c00000|
|  79|0x00000006c5d00000, 0x00000006c5d00000, 0x00000006c5e00000|  0%| F|  |TS  0|AC  0|TAMS 0x00000006c5d00000, 0x00000006c5d00000|
|  80|0x00000006c5e00000, 0x00000006c5e00000, 0x00000006c5f00000|  0%| F|  |TS  0|AC  0|TAMS 0x00000006c5e00000, 0x00000006c5e00000|
|  81|0x00000006c5f00000, 0x00000006c5f00000, 0x00000006c6000000|  0%| F|  |TS  0|AC  0|TAMS 0x00000006c5f00000, 0x00000006c5f00000|
|  82|0x00000006c6000000, 0x00000006c6000000, 0x00000006c6100000|  0%| F|  |TS  0|AC  0|TAMS 0x00000006c6000000, 0x00000006c6000000|
|  83|0x00000006c6100000, 0x00000006c6100000, 0x00000006c6200000|  0%| F|  |TS  0|AC  0|TAMS 0x00000006c6100000, 0x00000006c6100000|
|  84|0x00000006c6200000, 0x00000006c6200000, 0x00000006c6300000|  0%| F|  |TS  0|AC  0|TAMS 0x00000006c6200000, 0x00000006c6200000|
|  85|0x00000006c6300000, 0x00000006c6300000, 0x00000006c6400000|  0%| F|  |TS  0|AC  0|TAMS 0x00000006c6300000, 0x00000006c6300000|
|  86|0x00000006c6400000, 0x00000006c6400000, 0x00000006c6500000|  0%| F|  |TS  0|AC  0|TAMS 0x00000006c6400000, 0x00000006c6400000|
|  87|0x00000006c6500000, 0x00000006c6500000, 0x00000006c6600000|  0%| F|  |TS  0|AC  0|TAMS 0x00000006c6500000, 0x00000006c6500000|
|  88|0x00000006c6600000, 0x00000006c6600000, 0x00000006c6700000|  0%| F|  |TS  0|AC  0|TAMS 0x00000006c6600000, 0x00000006c6600000|
|  89|0x00000006c6700000, 0x00000006c6700000, 0x00000006c6800000|  0%| F|  |TS  0|AC  0|TAMS 0x00000006c6700000, 0x00000006c6700000|
|  90|0x00000006c6800000, 0x00000006c6800000, 0x00000006c6900000|  0%| F|  |TS  0|AC  0|TAMS 0x00000006c6800000, 0x00000006c6800000|
|  91|0x00000006c6900000, 0x00000006c6900000, 0x00000006c6a00000|  0%| F|  |TS  0|AC  0|TAMS 0x00000006c6900000, 0x00000006c6900000|
|  92|0x00000006c6a00000, 0x00000006c6a00000, 0x00000006c6b00000|  0%| F|  |TS  0|AC  0|TAMS 0x00000006c6a00000, 0x00000006c6a00000|
|  93|0x00000006c6b00000, 0x00000006c6b00000, 0x00000006c6c00000|  0%| F|  |TS  0|AC  0|TAMS 0x00000006c6b00000, 0x00000006c6b00000|
|  94|0x00000006c6c00000, 0x00000006c6c00000, 0x00000006c6d00000|  0%| F|  |TS  0|AC  0|TAMS 0x00000006c6c00000, 0x00000006c6c00000|
|  95|0x00000006c6d00000, 0x00000006c6d00000, 0x00000006c6e00000|  0%| F|  |TS  0|AC  0|TAMS 0x00000006c6d00000, 0x00000006c6d00000|
|  96|0x00000006c6e00000, 0x00000006c6e00000, 0x00000006c6f00000|  0%| F|  |TS  0|AC  0|TAMS 0x00000006c6e00000, 0x00000006c6e00000|
|  97|0x00000006c6f00000, 0x00000006c6f00000, 0x00000006c7000000|  0%| F|  |TS  0|AC  0|TAMS 0x00000006c6f00000, 0x00000006c6f00000|
|  98|0x00000006c7000000, 0x00000006c7000000, 0x00000006c7100000|  0%| F|  |TS  0|AC  0|TAMS 0x00000006c7000000, 0x00000006c7000000|
|  99|0x00000006c7100000, 0x00000006c7100000, 0x00000006c7200000|  0%| F|  |TS  0|AC  0|TAMS 0x00000006c7100000, 0x00000006c7100000|
| 100|0x00000006c7200000, 0x00000006c7200000, 0x00000006c7300000|  0%| F|  |TS  0|AC  0|TAMS 0x00000006c7200000, 0x00000006c7200000|
| 101|0x00000006c7300000, 0x00000006c7315250, 0x00000006c7400000|  8%| S|CS|TS 31|AC  0|TAMS 0x00000006c7300000, 0x00000006c7300000|
| 102|0x00000006c7400000, 0x00000006c7500000, 0x00000006c7500000|100%| S|CS|TS 31|AC  0|TAMS 0x00000006c7400000, 0x00000006c7400000|
| 103|0x00000006c7500000, 0x00000006c7500000, 0x00000006c7600000|  0%| F|  |TS 31|AC  0|TAMS 0x00000006c7500000, 0x00000006c7500000|
| 104|0x00000006c7600000, 0x00000006c7600000, 0x00000006c7700000|  0%| F|  |TS 31|AC  0|TAMS 0x00000006c7600000, 0x00000006c7600000|
| 105|0x00000006c7700000, 0x00000006c7700000, 0x00000006c7800000|  0%| F|  |TS 31|AC  0|TAMS 0x00000006c7700000, 0x00000006c7700000|
| 106|0x00000006c7800000, 0x00000006c7800000, 0x00000006c7900000|  0%| F|  |TS 31|AC  0|TAMS 0x00000006c7800000, 0x00000006c7800000|
| 107|0x00000006c7900000, 0x00000006c7900000, 0x00000006c7a00000|  0%| F|  |TS 31|AC  0|TAMS 0x00000006c7900000, 0x00000006c7900000|
| 108|0x00000006c7a00000, 0x00000006c7a00000, 0x00000006c7b00000|  0%| F|  |TS 31|AC  0|TAMS 0x00000006c7a00000, 0x00000006c7a00000|
| 109|0x00000006c7b00000, 0x00000006c7b00000, 0x00000006c7c00000|  0%| F|  |TS 31|AC  0|TAMS 0x00000006c7b00000, 0x00000006c7b00000|
| 110|0x00000006c7c00000, 0x00000006c7c00000, 0x00000006c7d00000|  0%| F|  |TS 31|AC  0|TAMS 0x00000006c7c00000, 0x00000006c7c00000|
| 111|0x00000006c7d00000, 0x00000006c7d00000, 0x00000006c7e00000|  0%| F|  |TS 31|AC  0|TAMS 0x00000006c7d00000, 0x00000006c7d00000|
| 112|0x00000006c7e00000, 0x00000006c7e80800, 0x00000006c7f00000| 50%| E|  |TS 31|AC  0|TAMS 0x00000006c7e00000, 0x00000006c7e00000|
| 113|0x00000006c7f00000, 0x00000006c8000000, 0x00000006c8000000|100%| E|CS|TS 31|AC  0|TAMS 0x00000006c7f00000, 0x00000006c7f00000|
| 114|0x00000006c8000000, 0x00000006c8100000, 0x00000006c8100000|100%| E|CS|TS 31|AC  0|TAMS 0x00000006c8000000, 0x00000006c8000000|
| 115|0x00000006c8100000, 0x00000006c8200000, 0x00000006c8200000|100%| E|CS|TS 31|AC  0|TAMS 0x00000006c8100000, 0x00000006c8100000|
| 116|0x00000006c8200000, 0x00000006c8300000, 0x00000006c8300000|100%| E|CS|TS 31|AC  0|TAMS 0x00000006c8200000, 0x00000006c8200000|
| 117|0x00000006c8300000, 0x00000006c8400000, 0x00000006c8400000|100%| E|CS|TS 31|AC  0|TAMS 0x00000006c8300000, 0x00000006c8300000|
| 118|0x00000006c8400000, 0x00000006c8500000, 0x00000006c8500000|100%| E|CS|TS 31|AC  0|TAMS 0x00000006c8400000, 0x00000006c8400000|
| 119|0x00000006c8500000, 0x00000006c8600000, 0x00000006c8600000|100%| E|CS|TS 31|AC  0|TAMS 0x00000006c8500000, 0x00000006c8500000|
| 120|0x00000006c8600000, 0x00000006c8700000, 0x00000006c8700000|100%| E|CS|TS 31|AC  0|TAMS 0x00000006c8600000, 0x00000006c8600000|
| 121|0x00000006c8700000, 0x00000006c8800000, 0x00000006c8800000|100%| E|CS|TS 31|AC  0|TAMS 0x00000006c8700000, 0x00000006c8700000|
| 122|0x00000006c8800000, 0x00000006c8900000, 0x00000006c8900000|100%| E|CS|TS 31|AC  0|TAMS 0x00000006c8800000, 0x00000006c8800000|
| 123|0x00000006c8900000, 0x00000006c8a00000, 0x00000006c8a00000|100%| E|CS|TS 31|AC  0|TAMS 0x00000006c8900000, 0x00000006c8900000|
| 124|0x00000006c8a00000, 0x00000006c8b00000, 0x00000006c8b00000|100%| E|CS|TS 31|AC  0|TAMS 0x00000006c8a00000, 0x00000006c8a00000|
| 125|0x00000006c8b00000, 0x00000006c8c00000, 0x00000006c8c00000|100%| E|CS|TS 31|AC  0|TAMS 0x00000006c8b00000, 0x00000006c8b00000|
| 126|0x00000006c8c00000, 0x00000006c8d00000, 0x00000006c8d00000|100%| E|CS|TS 31|AC  0|TAMS 0x00000006c8c00000, 0x00000006c8c00000|
| 127|0x00000006c8d00000, 0x00000006c8e00000, 0x00000006c8e00000|100%| E|CS|TS 31|AC  0|TAMS 0x00000006c8d00000, 0x00000006c8d00000|
| 128|0x00000006c8e00000, 0x00000006c8f00000, 0x00000006c8f00000|100%| E|CS|TS 31|AC  0|TAMS 0x00000006c8e00000, 0x00000006c8e00000|
| 129|0x00000006c8f00000, 0x00000006c9000000, 0x00000006c9000000|100%| E|CS|TS 31|AC  0|TAMS 0x00000006c8f00000, 0x00000006c8f00000|
| 130|0x00000006c9000000, 0x00000006c9100000, 0x00000006c9100000|100%| E|CS|TS 31|AC  0|TAMS 0x00000006c9000000, 0x00000006c9000000|
| 131|0x00000006c9100000, 0x00000006c9200000, 0x00000006c9200000|100%| E|CS|TS 31|AC  0|TAMS 0x00000006c9100000, 0x00000006c9100000|
| 132|0x00000006c9200000, 0x00000006c9300000, 0x00000006c9300000|100%| E|CS|TS 31|AC  0|TAMS 0x00000006c9200000, 0x00000006c9200000|
| 133|0x00000006c9300000, 0x00000006c9400000, 0x00000006c9400000|100%| E|CS|TS 31|AC  0|TAMS 0x00000006c9300000, 0x00000006c9300000|
| 134|0x00000006c9400000, 0x00000006c9500000, 0x00000006c9500000|100%| E|CS|TS 31|AC  0|TAMS 0x00000006c9400000, 0x00000006c9400000|
| 135|0x00000006c9500000, 0x00000006c9600000, 0x00000006c9600000|100%| E|CS|TS 31|AC  0|TAMS 0x00000006c9500000, 0x00000006c9500000|
| 136|0x00000006c9600000, 0x00000006c9700000, 0x00000006c9700000|100%| E|CS|TS 31|AC  0|TAMS 0x00000006c9600000, 0x00000006c9600000|
| 137|0x00000006c9700000, 0x00000006c9800000, 0x00000006c9800000|100%| E|CS|TS 31|AC  0|TAMS 0x00000006c9700000, 0x00000006c9700000|
| 138|0x00000006c9800000, 0x00000006c9900000, 0x00000006c9900000|100%| E|CS|TS 31|AC  0|TAMS 0x00000006c9800000, 0x00000006c9800000|
| 139|0x00000006c9900000, 0x00000006c9a00000, 0x00000006c9a00000|100%| E|CS|TS 31|AC  0|TAMS 0x00000006c9900000, 0x00000006c9900000|
| 140|0x00000006c9a00000, 0x00000006c9b00000, 0x00000006c9b00000|100%| E|CS|TS 31|AC  0|TAMS 0x00000006c9a00000, 0x00000006c9a00000|
| 141|0x00000006c9b00000, 0x00000006c9c00000, 0x00000006c9c00000|100%| E|CS|TS 31|AC  0|TAMS 0x00000006c9b00000, 0x00000006c9b00000|
| 142|0x00000006c9c00000, 0x00000006c9d00000, 0x00000006c9d00000|100%| E|CS|TS 31|AC  0|TAMS 0x00000006c9c00000, 0x00000006c9c00000|
| 143|0x00000006c9d00000, 0x00000006c9e00000, 0x00000006c9e00000|100%| E|CS|TS 31|AC  0|TAMS 0x00000006c9d00000, 0x00000006c9d00000|
| 144|0x00000006c9e00000, 0x00000006c9f00000, 0x00000006c9f00000|100%| E|CS|TS 31|AC  0|TAMS 0x00000006c9e00000, 0x00000006c9e00000|
| 145|0x00000006c9f00000, 0x00000006ca000000, 0x00000006ca000000|100%| E|CS|TS 31|AC  0|TAMS 0x00000006c9f00000, 0x00000006c9f00000|
| 146|0x00000006ca000000, 0x00000006ca100000, 0x00000006ca100000|100%| E|CS|TS 31|AC  0|TAMS 0x00000006ca000000, 0x00000006ca000000|
| 147|0x00000006ca100000, 0x00000006ca200000, 0x00000006ca200000|100%| E|CS|TS 31|AC  0|TAMS 0x00000006ca100000, 0x00000006ca100000|
| 148|0x00000006ca200000, 0x00000006ca300000, 0x00000006ca300000|100%| E|CS|TS 31|AC  0|TAMS 0x00000006ca200000, 0x00000006ca200000|
| 149|0x00000006ca300000, 0x00000006ca400000, 0x00000006ca400000|100%| E|CS|TS 31|AC  0|TAMS 0x00000006ca300000, 0x00000006ca300000|
| 150|0x00000006ca400000, 0x00000006ca500000, 0x00000006ca500000|100%| E|CS|TS 31|AC  0|TAMS 0x00000006ca400000, 0x00000006ca400000|
| 151|0x00000006ca500000, 0x00000006ca600000, 0x00000006ca600000|100%| E|CS|TS 31|AC  0|TAMS 0x00000006ca500000, 0x00000006ca500000|
| 152|0x00000006ca600000, 0x00000006ca700000, 0x00000006ca700000|100%| E|CS|TS 31|AC  0|TAMS 0x00000006ca600000, 0x00000006ca600000|
| 153|0x00000006ca700000, 0x00000006ca800000, 0x00000006ca800000|100%| E|CS|TS 31|AC  0|TAMS 0x00000006ca700000, 0x00000006ca700000|
| 154|0x00000006ca800000, 0x00000006ca900000, 0x00000006ca900000|100%| E|CS|TS 31|AC  0|TAMS 0x00000006ca800000, 0x00000006ca800000|
| 155|0x00000006ca900000, 0x00000006caa00000, 0x00000006caa00000|100%| E|CS|TS 31|AC  0|TAMS 0x00000006ca900000, 0x00000006ca900000|
| 156|0x00000006caa00000, 0x00000006cab00000, 0x00000006cab00000|100%| E|CS|TS 31|AC  0|TAMS 0x00000006caa00000, 0x00000006caa00000|
| 157|0x00000006cab00000, 0x00000006cac00000, 0x00000006cac00000|100%| E|CS|TS 31|AC  0|TAMS 0x00000006cab00000, 0x00000006cab00000|
| 158|0x00000006cac00000, 0x00000006cad00000, 0x00000006cad00000|100%| E|CS|TS 31|AC  0|TAMS 0x00000006cac00000, 0x00000006cac00000|
| 159|0x00000006cad00000, 0x00000006cae00000, 0x00000006cae00000|100%| E|CS|TS 31|AC  0|TAMS 0x00000006cad00000, 0x00000006cad00000|
| 160|0x00000006cae00000, 0x00000006caf00000, 0x00000006caf00000|100%| E|CS|TS 31|AC  0|TAMS 0x00000006cae00000, 0x00000006cae00000|
| 161|0x00000006caf00000, 0x00000006cb000000, 0x00000006cb000000|100%| E|CS|TS 31|AC  0|TAMS 0x00000006caf00000, 0x00000006caf00000|
| 162|0x00000006cb000000, 0x00000006cb100000, 0x00000006cb100000|100%| E|CS|TS 31|AC  0|TAMS 0x00000006cb000000, 0x00000006cb000000|
| 163|0x00000006cb100000, 0x00000006cb200000, 0x00000006cb200000|100%| E|CS|TS 31|AC  0|TAMS 0x00000006cb100000, 0x00000006cb100000|
| 164|0x00000006cb200000, 0x00000006cb300000, 0x00000006cb300000|100%| E|CS|TS 31|AC  0|TAMS 0x00000006cb200000, 0x00000006cb200000|
| 165|0x00000006cb300000, 0x00000006cb400000, 0x00000006cb400000|100%| E|CS|TS 31|AC  0|TAMS 0x00000006cb300000, 0x00000006cb300000|
| 166|0x00000006cb400000, 0x00000006cb500000, 0x00000006cb500000|100%| E|CS|TS 31|AC  0|TAMS 0x00000006cb400000, 0x00000006cb400000|
| 167|0x00000006cb500000, 0x00000006cb600000, 0x00000006cb600000|100%| E|CS|TS 31|AC  0|TAMS 0x00000006cb500000, 0x00000006cb500000|
| 168|0x00000006cb600000, 0x00000006cb700000, 0x00000006cb700000|100%| E|CS|TS 31|AC  0|TAMS 0x00000006cb600000, 0x00000006cb600000|
| 169|0x00000006cb700000, 0x00000006cb800000, 0x00000006cb800000|100%| E|CS|TS 31|AC  0|TAMS 0x00000006cb700000, 0x00000006cb700000|
| 170|0x00000006cb800000, 0x00000006cb900000, 0x00000006cb900000|100%| E|CS|TS 31|AC  0|TAMS 0x00000006cb800000, 0x00000006cb800000|
| 171|0x00000006cb900000, 0x00000006cba00000, 0x00000006cba00000|100%| E|CS|TS 31|AC  0|TAMS 0x00000006cb900000, 0x00000006cb900000|
| 172|0x00000006cba00000, 0x00000006cbb00000, 0x00000006cbb00000|100%| E|CS|TS 31|AC  0|TAMS 0x00000006cba00000, 0x00000006cba00000|
| 173|0x00000006cbb00000, 0x00000006cbc00000, 0x00000006cbc00000|100%| E|CS|TS 31|AC  0|TAMS 0x00000006cbb00000, 0x00000006cbb00000|
| 174|0x00000006cbc00000, 0x00000006cbd00000, 0x00000006cbd00000|100%| E|CS|TS 31|AC  0|TAMS 0x00000006cbc00000, 0x00000006cbc00000|
| 175|0x00000006cbd00000, 0x00000006cbe00000, 0x00000006cbe00000|100%| E|CS|TS 31|AC  0|TAMS 0x00000006cbd00000, 0x00000006cbd00000|
| 176|0x00000006cbe00000, 0x00000006cbf00000, 0x00000006cbf00000|100%| E|CS|TS 31|AC  0|TAMS 0x00000006cbe00000, 0x00000006cbe00000|
| 177|0x00000006cbf00000, 0x00000006cc000000, 0x00000006cc000000|100%| E|CS|TS 31|AC  0|TAMS 0x00000006cbf00000, 0x00000006cbf00000|
| 178|0x00000006cc000000, 0x00000006cc100000, 0x00000006cc100000|100%| E|CS|TS 31|AC  0|TAMS 0x00000006cc000000, 0x00000006cc000000|
| 179|0x00000006cc100000, 0x00000006cc200000, 0x00000006cc200000|100%| E|CS|TS 31|AC  0|TAMS 0x00000006cc100000, 0x00000006cc100000|
| 180|0x00000006cc200000, 0x00000006cc300000, 0x00000006cc300000|100%| E|CS|TS 31|AC  0|TAMS 0x00000006cc200000, 0x00000006cc200000|
| 181|0x00000006cc300000, 0x00000006cc400000, 0x00000006cc400000|100%| E|CS|TS 31|AC  0|TAMS 0x00000006cc300000, 0x00000006cc300000|
| 182|0x00000006cc400000, 0x00000006cc500000, 0x00000006cc500000|100%| E|CS|TS 31|AC  0|TAMS 0x00000006cc400000, 0x00000006cc400000|
| 183|0x00000006cc500000, 0x00000006cc600000, 0x00000006cc600000|100%| E|CS|TS 31|AC  0|TAMS 0x00000006cc500000, 0x00000006cc500000|
| 184|0x00000006cc600000, 0x00000006cc700000, 0x00000006cc700000|100%| E|CS|TS 31|AC  0|TAMS 0x00000006cc600000, 0x00000006cc600000|
| 185|0x00000006cc700000, 0x00000006cc800000, 0x00000006cc800000|100%| E|CS|TS 31|AC  0|TAMS 0x00000006cc700000, 0x00000006cc700000|
| 186|0x00000006cc800000, 0x00000006cc900000, 0x00000006cc900000|100%| E|CS|TS 31|AC  0|TAMS 0x00000006cc800000, 0x00000006cc800000|
| 187|0x00000006cc900000, 0x00000006cca00000, 0x00000006cca00000|100%| E|CS|TS 31|AC  0|TAMS 0x00000006cc900000, 0x00000006cc900000|
| 188|0x00000006cca00000, 0x00000006ccb00000, 0x00000006ccb00000|100%| E|CS|TS 31|AC  0|TAMS 0x00000006cca00000, 0x00000006cca00000|
| 189|0x00000006ccb00000, 0x00000006ccc00000, 0x00000006ccc00000|100%| E|CS|TS 31|AC  0|TAMS 0x00000006ccb00000, 0x00000006ccb00000|
| 190|0x00000006ccc00000, 0x00000006ccd00000, 0x00000006ccd00000|100%| E|CS|TS 31|AC  0|TAMS 0x00000006ccc00000, 0x00000006ccc00000|
| 191|0x00000006ccd00000, 0x00000006cce00000, 0x00000006cce00000|100%| E|CS|TS 31|AC  0|TAMS 0x00000006ccd00000, 0x00000006ccd00000|
| 192|0x00000006cce00000, 0x00000006ccf00000, 0x00000006ccf00000|100%| E|CS|TS 31|AC  0|TAMS 0x00000006cce00000, 0x00000006cce00000|
| 193|0x00000006ccf00000, 0x00000006cd000000, 0x00000006cd000000|100%| E|CS|TS 31|AC  0|TAMS 0x00000006ccf00000, 0x00000006ccf00000|
| 194|0x00000006cd000000, 0x00000006cd100000, 0x00000006cd100000|100%| E|CS|TS 31|AC  0|TAMS 0x00000006cd000000, 0x00000006cd000000|
| 195|0x00000006cd100000, 0x00000006cd200000, 0x00000006cd200000|100%| E|CS|TS 31|AC  0|TAMS 0x00000006cd100000, 0x00000006cd100000|
| 196|0x00000006cd200000, 0x00000006cd300000, 0x00000006cd300000|100%| E|CS|TS 31|AC  0|TAMS 0x00000006cd200000, 0x00000006cd200000|
| 197|0x00000006cd300000, 0x00000006cd400000, 0x00000006cd400000|100%| E|CS|TS 31|AC  0|TAMS 0x00000006cd300000, 0x00000006cd300000|
| 198|0x00000006cd400000, 0x00000006cd500000, 0x00000006cd500000|100%| E|CS|TS 31|AC  0|TAMS 0x00000006cd400000, 0x00000006cd400000|
| 199|0x00000006cd500000, 0x00000006cd600000, 0x00000006cd600000|100%| E|CS|TS 31|AC  0|TAMS 0x00000006cd500000, 0x00000006cd500000|
| 200|0x00000006cd600000, 0x00000006cd700000, 0x00000006cd700000|100%| E|CS|TS 31|AC  0|TAMS 0x00000006cd600000, 0x00000006cd600000|
| 201|0x00000006cd700000, 0x00000006cd800000, 0x00000006cd800000|100%| E|CS|TS 31|AC  0|TAMS 0x00000006cd700000, 0x00000006cd700000|
| 202|0x00000006cd800000, 0x00000006cd900000, 0x00000006cd900000|100%| E|CS|TS 31|AC  0|TAMS 0x00000006cd800000, 0x00000006cd800000|
| 203|0x00000006cd900000, 0x00000006cda00000, 0x00000006cda00000|100%| E|CS|TS 31|AC  0|TAMS 0x00000006cd900000, 0x00000006cd900000|
| 204|0x00000006cda00000, 0x00000006cdb00000, 0x00000006cdb00000|100%| E|CS|TS 31|AC  0|TAMS 0x00000006cda00000, 0x00000006cda00000|
| 205|0x00000006cdb00000, 0x00000006cdc00000, 0x00000006cdc00000|100%| E|CS|TS 31|AC  0|TAMS 0x00000006cdb00000, 0x00000006cdb00000|
| 206|0x00000006cdc00000, 0x00000006cdd00000, 0x00000006cdd00000|100%| E|CS|TS 31|AC  0|TAMS 0x00000006cdc00000, 0x00000006cdc00000|
| 207|0x00000006cdd00000, 0x00000006cde00000, 0x00000006cde00000|100%| E|CS|TS 31|AC  0|TAMS 0x00000006cdd00000, 0x00000006cdd00000|
| 208|0x00000006cde00000, 0x00000006cdf00000, 0x00000006cdf00000|100%| E|CS|TS 31|AC  0|TAMS 0x00000006cde00000, 0x00000006cde00000|
| 209|0x00000006cdf00000, 0x00000006ce000000, 0x00000006ce000000|100%| E|CS|TS 31|AC  0|TAMS 0x00000006cdf00000, 0x00000006cdf00000|
| 210|0x00000006ce000000, 0x00000006ce100000, 0x00000006ce100000|100%| E|CS|TS 31|AC  0|TAMS 0x00000006ce000000, 0x00000006ce000000|
| 211|0x00000006ce100000, 0x00000006ce200000, 0x00000006ce200000|100%| E|CS|TS 31|AC  0|TAMS 0x00000006ce100000, 0x00000006ce100000|
| 212|0x00000006ce200000, 0x00000006ce300000, 0x00000006ce300000|100%| E|CS|TS 31|AC  0|TAMS 0x00000006ce200000, 0x00000006ce200000|
| 213|0x00000006ce300000, 0x00000006ce400000, 0x00000006ce400000|100%| E|CS|TS 31|AC  0|TAMS 0x00000006ce300000, 0x00000006ce300000|
| 214|0x00000006ce400000, 0x00000006ce500000, 0x00000006ce500000|100%| E|CS|TS 31|AC  0|TAMS 0x00000006ce400000, 0x00000006ce400000|
| 215|0x00000006ce500000, 0x00000006ce600000, 0x00000006ce600000|100%| E|CS|TS 31|AC  0|TAMS 0x00000006ce500000, 0x00000006ce500000|
| 216|0x00000006ce600000, 0x00000006ce700000, 0x00000006ce700000|100%| E|CS|TS 31|AC  0|TAMS 0x00000006ce600000, 0x00000006ce600000|
| 217|0x00000006ce700000, 0x00000006ce800000, 0x00000006ce800000|100%| E|CS|TS 31|AC  0|TAMS 0x00000006ce700000, 0x00000006ce700000|
| 218|0x00000006ce800000, 0x00000006ce900000, 0x00000006ce900000|100%| E|CS|TS 31|AC  0|TAMS 0x00000006ce800000, 0x00000006ce800000|
| 219|0x00000006ce900000, 0x00000006cea00000, 0x00000006cea00000|100%| E|CS|TS 31|AC  0|TAMS 0x00000006ce900000, 0x00000006ce900000|
| 220|0x00000006cea00000, 0x00000006ceb00000, 0x00000006ceb00000|100%| E|CS|TS 31|AC  0|TAMS 0x00000006cea00000, 0x00000006cea00000|
| 221|0x00000006ceb00000, 0x00000006cec00000, 0x00000006cec00000|100%| E|CS|TS 31|AC  0|TAMS 0x00000006ceb00000, 0x00000006ceb00000|
| 222|0x00000006cec00000, 0x00000006ced00000, 0x00000006ced00000|100%| E|CS|TS 31|AC  0|TAMS 0x00000006cec00000, 0x00000006cec00000|
| 223|0x00000006ced00000, 0x00000006cee00000, 0x00000006cee00000|100%| E|CS|TS 31|AC  0|TAMS 0x00000006ced00000, 0x00000006ced00000|
| 224|0x00000006cee00000, 0x00000006cef00000, 0x00000006cef00000|100%| E|CS|TS 31|AC  0|TAMS 0x00000006cee00000, 0x00000006cee00000|
| 225|0x00000006cef00000, 0x00000006cf000000, 0x00000006cf000000|100%| E|CS|TS 31|AC  0|TAMS 0x00000006cef00000, 0x00000006cef00000|
| 226|0x00000006cf000000, 0x00000006cf100000, 0x00000006cf100000|100%| E|CS|TS 31|AC  0|TAMS 0x00000006cf000000, 0x00000006cf000000|
| 227|0x00000006cf100000, 0x00000006cf200000, 0x00000006cf200000|100%| E|CS|TS 31|AC  0|TAMS 0x00000006cf100000, 0x00000006cf100000|
| 228|0x00000006cf200000, 0x00000006cf300000, 0x00000006cf300000|100%| E|CS|TS 31|AC  0|TAMS 0x00000006cf200000, 0x00000006cf200000|
| 229|0x00000006cf300000, 0x00000006cf400000, 0x00000006cf400000|100%| E|CS|TS 31|AC  0|TAMS 0x00000006cf300000, 0x00000006cf300000|
| 230|0x00000006cf400000, 0x00000006cf500000, 0x00000006cf500000|100%| E|CS|TS 31|AC  0|TAMS 0x00000006cf400000, 0x00000006cf400000|
| 231|0x00000006cf500000, 0x00000006cf600000, 0x00000006cf600000|100%| E|CS|TS 31|AC  0|TAMS 0x00000006cf500000, 0x00000006cf500000|
| 232|0x00000006cf600000, 0x00000006cf700000, 0x00000006cf700000|100%| E|CS|TS 31|AC  0|TAMS 0x00000006cf600000, 0x00000006cf600000|
| 233|0x00000006cf700000, 0x00000006cf800000, 0x00000006cf800000|100%| E|CS|TS 31|AC  0|TAMS 0x00000006cf700000, 0x00000006cf700000|
| 234|0x00000006cf800000, 0x00000006cf900000, 0x00000006cf900000|100%| E|CS|TS 31|AC  0|TAMS 0x00000006cf800000, 0x00000006cf800000|
| 235|0x00000006cf900000, 0x00000006cfa00000, 0x00000006cfa00000|100%| E|CS|TS 31|AC  0|TAMS 0x00000006cf900000, 0x00000006cf900000|
| 236|0x00000006cfa00000, 0x00000006cfb00000, 0x00000006cfb00000|100%| E|CS|TS 31|AC  0|TAMS 0x00000006cfa00000, 0x00000006cfa00000|
| 237|0x00000006cfb00000, 0x00000006cfc00000, 0x00000006cfc00000|100%| E|CS|TS 31|AC  0|TAMS 0x00000006cfb00000, 0x00000006cfb00000|
| 238|0x00000006cfc00000, 0x00000006cfd00000, 0x00000006cfd00000|100%| E|CS|TS 31|AC  0|TAMS 0x00000006cfc00000, 0x00000006cfc00000|
| 239|0x00000006cfd00000, 0x00000006cfe00000, 0x00000006cfe00000|100%| E|CS|TS 31|AC  0|TAMS 0x00000006cfd00000, 0x00000006cfd00000|
| 240|0x00000006cfe00000, 0x00000006cff00000, 0x00000006cff00000|100%| E|CS|TS 31|AC  0|TAMS 0x00000006cfe00000, 0x00000006cfe00000|
| 241|0x00000006cff00000, 0x00000006d0000000, 0x00000006d0000000|100%| E|CS|TS 31|AC  0|TAMS 0x00000006cff00000, 0x00000006cff00000|
| 242|0x00000006d0000000, 0x00000006d0100000, 0x00000006d0100000|100%| E|CS|TS 31|AC  0|TAMS 0x00000006d0000000, 0x00000006d0000000|
| 243|0x00000006d0100000, 0x00000006d0200000, 0x00000006d0200000|100%| E|CS|TS 31|AC  0|TAMS 0x00000006d0100000, 0x00000006d0100000|
| 244|0x00000006d0200000, 0x00000006d0300000, 0x00000006d0300000|100%| E|CS|TS 31|AC  0|TAMS 0x00000006d0200000, 0x00000006d0200000|
| 245|0x00000006d0300000, 0x00000006d0400000, 0x00000006d0400000|100%| E|CS|TS 31|AC  0|TAMS 0x00000006d0300000, 0x00000006d0300000|
| 246|0x00000006d0400000, 0x00000006d0500000, 0x00000006d0500000|100%| E|CS|TS 31|AC  0|TAMS 0x00000006d0400000, 0x00000006d0400000|
| 247|0x00000006d0500000, 0x00000006d0600000, 0x00000006d0600000|100%| E|CS|TS 31|AC  0|TAMS 0x00000006d0500000, 0x00000006d0500000|
| 248|0x00000006d0600000, 0x00000006d0700000, 0x00000006d0700000|100%| E|CS|TS 31|AC  0|TAMS 0x00000006d0600000, 0x00000006d0600000|
| 249|0x00000006d0700000, 0x00000006d0800000, 0x00000006d0800000|100%| E|CS|TS 31|AC  0|TAMS 0x00000006d0700000, 0x00000006d0700000|
| 250|0x00000006d0800000, 0x00000006d0900000, 0x00000006d0900000|100%| E|CS|TS 31|AC  0|TAMS 0x00000006d0800000, 0x00000006d0800000|
| 251|0x00000006d0900000, 0x00000006d0a00000, 0x00000006d0a00000|100%| E|CS|TS 31|AC  0|TAMS 0x00000006d0900000, 0x00000006d0900000|
| 252|0x00000006d0a00000, 0x00000006d0b00000, 0x00000006d0b00000|100%| E|CS|TS 31|AC  0|TAMS 0x00000006d0a00000, 0x00000006d0a00000|
| 253|0x00000006d0b00000, 0x00000006d0c00000, 0x00000006d0c00000|100%| E|CS|TS 31|AC  0|TAMS 0x00000006d0b00000, 0x00000006d0b00000|
| 254|0x00000006d0c00000, 0x00000006d0d00000, 0x00000006d0d00000|100%| E|CS|TS 31|AC  0|TAMS 0x00000006d0c00000, 0x00000006d0c00000|
| 255|0x00000006d0d00000, 0x00000006d0e00000, 0x00000006d0e00000|100%| E|CS|TS 31|AC  0|TAMS 0x00000006d0d00000, 0x00000006d0d00000|

Card table byte_map: [0x0000022099e50000,0x000002209a650000] byte_map_base: 0x0000022096849000

Marking Bits (Prev, Next): (CMBitMap*) 0x00000220fd4e9230, (CMBitMap*) 0x00000220fd4e9268
 Prev Bits: [0x000002209ae50000, 0x000002209ee18000)
 Next Bits: [0x000002209ee20000, 0x00000220a2de8000)

Polling page: 0x00000220fd420000

CodeHeap 'non-profiled nmethods': size=120064Kb used=1245Kb max_used=1245Kb free=118818Kb
 bounds [0x0000022092110000, 0x0000022092380000, 0x0000022099650000]
CodeHeap 'profiled nmethods': size=120000Kb used=4368Kb max_used=4368Kb free=115631Kb
 bounds [0x000002208abe0000, 0x000002208b030000, 0x0000022092110000]
CodeHeap 'non-nmethods': size=5696Kb used=1722Kb max_used=1765Kb free=3973Kb
 bounds [0x000002208a650000, 0x000002208a8c0000, 0x000002208abe0000]
 total_blobs=4120 nmethods=2252 adapters=1073
 compilation: enabled

Compilation events (10 events):
Event: 23.007 Thread 0x00000220a5322000 2249       4       org.joml.Matrix4f::scale (28 bytes)
Event: 23.009 Thread 0x00000220a5322000 nmethod 2249 0x0000022092244290 code [0x0000022092244460, 0x0000022092244698]
Event: 23.657 Thread 0x00000220a5322000 2251       4       org.joml.Vector3f::normalize (9 bytes)
Event: 23.657 Thread 0x00000220a5327000 2250       4       net.sknv.engine.graph.Transformation::getViewMatrix (95 bytes)
Event: 23.657 Thread 0x00000220a5322000 nmethod 2251 0x0000022092244890 code [0x0000022092244a40, 0x0000022092244af8]
Event: 23.664 Thread 0x00000220a5327000 nmethod 2250 0x0000022092244b90 code [0x0000022092244ea0, 0x0000022092245758]
Event: 24.284 Thread 0x00000220a5322000 2252       4       net.sknv.engine.graph.Transformation::getOrtoProjModelMatrix (94 bytes)
Event: 24.293 Thread 0x00000220a5322000 nmethod 2252 0x0000022092245d10 code [0x0000022092245fe0, 0x0000022092246a88]
Event: 24.546 Thread 0x00000220a5327000 2253       4       net.sknv.engine.graph.RayCast::intersectPlane (125 bytes)
Event: 24.548 Thread 0x00000220a5327000 nmethod 2253 0x0000022092247110 code [0x00000220922472e0, 0x0000022092247598]

GC Heap History (10 events):
Event: 17.325 GC heap before
{Heap before GC invocations=11 (full 0):
 garbage-first heap   total 262144K, used 160619K [0x00000006c0e00000, 0x00000006c0f00800, 0x00000007c0000000)
  region size 1024K, 153 young (156672K), 2 survivors (2048K)
 Metaspace       used 19115K, capacity 19939K, committed 20224K, reserved 1067008K
  class space    used 1533K, capacity 1704K, committed 1792K, reserved 1048576K
}
Event: 17.326 GC heap after
{Heap after GC invocations=12 (full 0):
 garbage-first heap   total 262144K, used 5981K [0x00000006c0e00000, 0x00000006c0f00800, 0x00000007c0000000)
  region size 1024K, 2 young (2048K), 2 survivors (2048K)
 Metaspace       used 19115K, capacity 19939K, committed 20224K, reserved 1067008K
  class space    used 1533K, capacity 1704K, committed 1792K, reserved 1048576K
}
Event: 19.096 GC heap before
{Heap before GC invocations=12 (full 0):
 garbage-first heap   total 262144K, used 160605K [0x00000006c0e00000, 0x00000006c0f00800, 0x00000007c0000000)
  region size 1024K, 153 young (156672K), 2 survivors (2048K)
 Metaspace       used 19115K, capacity 19939K, committed 20224K, reserved 1067008K
  class space    used 1533K, capacity 1704K, committed 1792K, reserved 1048576K
}
Event: 19.097 GC heap after
{Heap after GC invocations=13 (full 0):
 garbage-first heap   total 262144K, used 6046K [0x00000006c0e00000, 0x00000006c0f00800, 0x00000007c0000000)
  region size 1024K, 2 young (2048K), 2 survivors (2048K)
 Metaspace       used 19115K, capacity 19939K, committed 20224K, reserved 1067008K
  class space    used 1533K, capacity 1704K, committed 1792K, reserved 1048576K
}
Event: 20.866 GC heap before
{Heap before GC invocations=13 (full 0):
 garbage-first heap   total 262144K, used 160670K [0x00000006c0e00000, 0x00000006c0f00800, 0x00000007c0000000)
  region size 1024K, 153 young (156672K), 2 survivors (2048K)
 Metaspace       used 19115K, capacity 19939K, committed 20224K, reserved 1067008K
  class space    used 1533K, capacity 1704K, committed 1792K, reserved 1048576K
}
Event: 20.868 GC heap after
{Heap after GC invocations=14 (full 0):
 garbage-first heap   total 262144K, used 6031K [0x00000006c0e00000, 0x00000006c0f00800, 0x00000007c0000000)
  region size 1024K, 2 young (2048K), 2 survivors (2048K)
 Metaspace       used 19115K, capacity 19939K, committed 20224K, reserved 1067008K
  class space    used 1533K, capacity 1704K, committed 1792K, reserved 1048576K
}
Event: 22.637 GC heap before
{Heap before GC invocations=14 (full 0):
 garbage-first heap   total 262144K, used 160655K [0x00000006c0e00000, 0x00000006c0f00800, 0x00000007c0000000)
  region size 1024K, 153 young (156672K), 2 survivors (2048K)
 Metaspace       used 19115K, capacity 19939K, committed 20224K, reserved 1067008K
  class space    used 1533K, capacity 1704K, committed 1792K, reserved 1048576K
}
Event: 22.639 GC heap after
{Heap after GC invocations=15 (full 0):
 garbage-first heap   total 262144K, used 6034K [0x00000006c0e00000, 0x00000006c0f00800, 0x00000007c0000000)
  region size 1024K, 2 young (2048K), 2 survivors (2048K)
 Metaspace       used 19115K, capacity 19939K, committed 20224K, reserved 1067008K
  class space    used 1533K, capacity 1704K, committed 1792K, reserved 1048576K
}
Event: 24.408 GC heap before
{Heap before GC invocations=15 (full 0):
 garbage-first heap   total 262144K, used 160658K [0x00000006c0e00000, 0x00000006c0f00800, 0x00000007c0000000)
  region size 1024K, 153 young (156672K), 2 survivors (2048K)
 Metaspace       used 19115K, capacity 19939K, committed 20224K, reserved 1067008K
  class space    used 1533K, capacity 1704K, committed 1792K, reserved 1048576K
}
Event: 24.409 GC heap after
{Heap after GC invocations=16 (full 0):
 garbage-first heap   total 262144K, used 5962K [0x00000006c0e00000, 0x00000006c0f00800, 0x00000007c0000000)
  region size 1024K, 2 young (2048K), 2 survivors (2048K)
 Metaspace       used 19115K, capacity 19939K, committed 20224K, reserved 1067008K
  class space    used 1533K, capacity 1704K, committed 1792K, reserved 1048576K
}

Deoptimization events (10 events):
Event: 1.680 Thread 0x00000220fd477800 Uncommon trap: reason=unstable_if action=reinterpret pc=0x0000022092166e00 method=java.io.WinNTFileSystem.normalize(Ljava/lang/String;)Ljava/lang/String; @ 128 c2
Event: 1.718 Thread 0x00000220fd477800 Uncommon trap: reason=unstable_if action=reinterpret pc=0x0000022092190bb8 method=java.util.regex.Pattern.split(Ljava/lang/CharSequence;I)[Ljava/lang/String; @ 167 c2
Event: 1.826 Thread 0x00000220fd477800 Uncommon trap: reason=class_check action=maybe_recompile pc=0x00000220921f2210 method=jdk.internal.misc.Unsafe.allocateUninitializedArray(Ljava/lang/Class;I)Ljava/lang/Object; @ 48 c2
Event: 1.826 Thread 0x00000220fd477800 Uncommon trap: reason=class_check action=maybe_recompile pc=0x00000220921f2210 method=jdk.internal.misc.Unsafe.allocateUninitializedArray(Ljava/lang/Class;I)Ljava/lang/Object; @ 48 c2
Event: 1.826 Thread 0x00000220fd477800 Uncommon trap: reason=class_check action=maybe_recompile pc=0x00000220921f2210 method=jdk.internal.misc.Unsafe.allocateUninitializedArray(Ljava/lang/Class;I)Ljava/lang/Object; @ 48 c2
Event: 1.826 Thread 0x00000220fd477800 Uncommon trap: reason=class_check action=maybe_recompile pc=0x00000220921f2210 method=jdk.internal.misc.Unsafe.allocateUninitializedArray(Ljava/lang/Class;I)Ljava/lang/Object; @ 48 c2
Event: 1.828 Thread 0x00000220fd477800 Uncommon trap: reason=unstable_if action=reinterpret pc=0x00000220921f1428 method=org.joml.Matrix4f.scaleGeneric(FFFLorg/joml/Matrix4f;)Lorg/joml/Matrix4f; @ 190 c2
Event: 2.875 Thread 0x00000220fd477800 Uncommon trap: reason=unstable_if action=reinterpret pc=0x00000220921f1964 method=org.joml.Matrix4f.scaleGeneric(FFFLorg/joml/Matrix4f;)Lorg/joml/Matrix4f; @ 190 c2
Event: 26.004 Thread 0x00000220a5faa000 Uncommon trap: reason=class_check action=maybe_recompile pc=0x0000022092171fbc method=java.util.regex.Matcher.getTextLength()I @ 4 c2
Event: 26.005 Thread 0x00000220a5faa000 Uncommon trap: reason=unstable_if action=reinterpret pc=0x00000220921ef99c method=java.lang.ThreadLocal.get()Ljava/lang/Object; @ 11 c2

Classes redefined (0 events):
No events

Internal exceptions (10 events):
Event: 1.470 Thread 0x00000220fd477800 Exception <a 'java/lang/NoSuchMethodError'{0x00000006cdad1f30}: java.lang.invoke.DirectMethodHandle$Holder.invokeStatic(Ljava/lang/Object;Ljava/lang/Object;Ljava/lang/Object;Ljava/lang/Object;Ljava/lang/Object;Ljava/lang/Object;Ljava/lang/Object;Ljava/lan
Event: 1.557 Thread 0x00000220fd477800 Exception <a 'java/lang/NoSuchMethodError'{0x00000006cd9b1a48}: java.lang.invoke.DirectMethodHandle$Holder.invokeStatic(Ljava/lang/Object;Ljava/lang/Object;Ljava/lang/Object;Ljava/lang/Object;Ljava/lang/Object;Ljava/lang/Object;Ljava/lang/Object;Ljava/lan
Event: 1.558 Thread 0x00000220fd477800 Exception <a 'java/lang/NoSuchMethodError'{0x00000006cd9cfdf0}: java.lang.invoke.DirectMethodHandle$Holder.invokeStatic(Ljava/lang/Object;Ljava/lang/Object;Ljava/lang/Object;Ljava/lang/Object;Ljava/lang/Object;Ljava/lang/Object;Ljava/lang/Object;Ljava/lan
Event: 1.559 Thread 0x00000220fd477800 Exception <a 'java/lang/NoSuchMethodError'{0x00000006cd9ef018}: java.lang.invoke.DirectMethodHandle$Holder.invokeStatic(Ljava/lang/Object;Ljava/lang/Object;Ljava/lang/Object;Ljava/lang/Object;Ljava/lang/Object;Ljava/lang/Object;Ljava/lang/Object;Ljava/lan
Event: 1.560 Thread 0x00000220fd477800 Exception <a 'java/lang/NoSuchMethodError'{0x00000006cd80fed8}: java.lang.invoke.DirectMethodHandle$Holder.invokeStatic(Ljava/lang/Object;Ljava/lang/Object;Ljava/lang/Object;Ljava/lang/Object;Ljava/lang/Object;Ljava/lang/Object;Ljava/lang/Object;Ljava/lan
Event: 1.601 Thread 0x00000220fd477800 Exception <a 'java/lang/NoSuchMethodError'{0x00000006cd75cf28}: java.lang.invoke.DirectMethodHandle$Holder.invokeStatic(Ljava/lang/Object;IIII)Ljava/lang/Object;> (0x00000006cd75cf28) thrown at [t:/workspace/hotspot/src/share/vm/interpreter/linkResolver.c
Event: 1.602 Thread 0x00000220fd477800 Exception <a 'java/lang/NoSuchMethodError'{0x00000006cd760178}: java.lang.invoke.DirectMethodHandle$Holder.invokeStaticInit(Ljava/lang/Object;IIII)Ljava/lang/Object;> (0x00000006cd760178) thrown at [t:/workspace/hotspot/src/share/vm/interpreter/linkResolv
Event: 1.682 Thread 0x00000220fd477800 Exception <a 'java/lang/NoSuchMethodError'{0x00000006cd7b1870}: java.lang.invoke.DirectMethodHandle$Holder.invokeStatic(Ljava/lang/Object;Ljava/lang/Object;IIII)Ljava/lang/Object;> (0x00000006cd7b1870) thrown at [t:/workspace/hotspot/src/share/vm/interpre
Event: 1.683 Thread 0x00000220fd477800 Exception <a 'java/lang/NoSuchMethodError'{0x00000006cd7b4d28}: java.lang.invoke.DirectMethodHandle$Holder.invokeStaticInit(Ljava/lang/Object;Ljava/lang/Object;IIII)Ljava/lang/Object;> (0x00000006cd7b4d28) thrown at [t:/workspace/hotspot/src/share/vm/inte
Event: 26.005 Thread 0x00000220a5faa000 Implicit null exception at 0x00000220921ef88d to 0x00000220921ef98d

Events (10 events):
Event: 24.408 Executing VM operation: G1IncCollectionPause
Event: 24.409 Executing VM operation: G1IncCollectionPause done
Event: 26.004 Thread 0x00000220a5faa000 Uncommon trap: trap_request=0xffffffde fr.pc=0x0000022092171fbc relative=0x000000000000011c
Event: 26.004 Thread 0x00000220a5faa000 DEOPT PACKING pc=0x0000022092171fbc sp=0x000000adfa1ff080
Event: 26.004 Thread 0x00000220a5faa000 DEOPT UNPACKING pc=0x000002208a69df29 sp=0x000000adfa1fefd0 mode 2
Event: 26.005 loading class java/util/regex/Matcher$ImmutableMatchResult
Event: 26.005 loading class java/util/regex/Matcher$ImmutableMatchResult done
Event: 26.005 Thread 0x00000220a5faa000 Uncommon trap: trap_request=0xffffff5d fr.pc=0x00000220921ef99c relative=0x000000000000015c
Event: 26.005 Thread 0x00000220a5faa000 DEOPT PACKING pc=0x00000220921ef99c sp=0x000000adfa1fef40
Event: 26.005 Thread 0x00000220a5faa000 DEOPT UNPACKING pc=0x000002208a69df29 sp=0x000000adfa1feef8 mode 2


Dynamic libraries:
0x00007ff6b8ef0000 - 0x00007ff6b8f2e000 	C:\Program Files\Java\jdk-9.0.1\bin\java.exe
0x00007ffd70a40000 - 0x00007ffd70c30000 	C:\WINDOWS\SYSTEM32\ntdll.dll
0x00007ffd70660000 - 0x00007ffd70712000 	C:\WINDOWS\System32\KERNEL32.DLL
0x00007ffd6da50000 - 0x00007ffd6dcf5000 	C:\WINDOWS\System32\KERNELBASE.dll
0x00007ffd6fc80000 - 0x00007ffd6fd23000 	C:\WINDOWS\System32\ADVAPI32.dll
0x00007ffd6fac0000 - 0x00007ffd6fb5e000 	C:\WINDOWS\System32\msvcrt.dll
0x00007ffd70220000 - 0x00007ffd702b7000 	C:\WINDOWS\System32\sechost.dll
0x00007ffd708e0000 - 0x00007ffd70a00000 	C:\WINDOWS\System32\RPCRT4.dll
0x00007ffd704c0000 - 0x00007ffd70654000 	C:\WINDOWS\System32\USER32.dll
0x00007ffd6e810000 - 0x00007ffd6e831000 	C:\WINDOWS\System32\win32u.dll
0x00007ffd6eb10000 - 0x00007ffd6eb36000 	C:\WINDOWS\System32\GDI32.dll
0x00007ffd6de20000 - 0x00007ffd6dfb6000 	C:\WINDOWS\System32\gdi32full.dll
0x00007ffd6e770000 - 0x00007ffd6e80e000 	C:\WINDOWS\System32\msvcp_win.dll
0x00007ffd6e990000 - 0x00007ffd6ea8a000 	C:\WINDOWS\System32\ucrtbase.dll
0x00007ffd54200000 - 0x00007ffd54484000 	C:\WINDOWS\WinSxS\amd64_microsoft.windows.common-controls_6595b64144ccf1df_6.0.18362.1139_none_9e7bf2d3e4605ac6\COMCTL32.dll
0x00007ffd6fd30000 - 0x00007ffd70065000 	C:\WINDOWS\System32\combase.dll
0x00007ffd6d9d0000 - 0x00007ffd6da50000 	C:\WINDOWS\System32\bcryptPrimitives.dll
0x00007ffd68e90000 - 0x00007ffd68e9a000 	C:\WINDOWS\SYSTEM32\VERSION.dll
0x00007ffd6fa00000 - 0x00007ffd6fa2e000 	C:\WINDOWS\System32\IMM32.DLL
0x00007ffd241a0000 - 0x00007ffd2428f000 	C:\Program Files\Java\jdk-9.0.1\bin\msvcr120.dll
0x00007ffd23c70000 - 0x00007ffd23d16000 	C:\Program Files\Java\jdk-9.0.1\bin\msvcp120.dll
0x0000000052930000 - 0x0000000053354000 	C:\Program Files\Java\jdk-9.0.1\bin\server\jvm.dll
0x00007ffd6fab0000 - 0x00007ffd6fab8000 	C:\WINDOWS\System32\PSAPI.DLL
0x00007ffd45b20000 - 0x00007ffd45b29000 	C:\WINDOWS\SYSTEM32\WSOCK32.dll
0x00007ffd6b700000 - 0x00007ffd6b724000 	C:\WINDOWS\SYSTEM32\WINMM.dll
0x00007ffd6fc10000 - 0x00007ffd6fc7f000 	C:\WINDOWS\System32\WS2_32.dll
0x00007ffd6b6d0000 - 0x00007ffd6b6fd000 	C:\WINDOWS\SYSTEM32\WINMMBASE.dll
0x00007ffd6dd00000 - 0x00007ffd6dd4a000 	C:\WINDOWS\System32\cfgmgr32.dll
0x00007ffd63440000 - 0x00007ffd6344f000 	C:\Program Files\Java\jdk-9.0.1\bin\verify.dll
0x00007ffd4aec0000 - 0x00007ffd4aee7000 	C:\Program Files\Java\jdk-9.0.1\bin\java.dll
0x00007ffd5a700000 - 0x00007ffd5a716000 	C:\Program Files\Java\jdk-9.0.1\bin\zip.dll
0x00007ffd63180000 - 0x00007ffd6318a000 	C:\Program Files\Java\jdk-9.0.1\bin\jimage.dll
0x00007ffd6f150000 - 0x00007ffd6f837000 	C:\WINDOWS\System32\SHELL32.dll
0x00007ffd6fb60000 - 0x00007ffd6fc09000 	C:\WINDOWS\System32\shcore.dll
0x00007ffd6dfc0000 - 0x00007ffd6e740000 	C:\WINDOWS\System32\windows.storage.dll
0x00007ffd6d950000 - 0x00007ffd6d973000 	C:\WINDOWS\System32\profapi.dll
0x00007ffd6d980000 - 0x00007ffd6d9ca000 	C:\WINDOWS\System32\powrprof.dll
0x00007ffd6d900000 - 0x00007ffd6d910000 	C:\WINDOWS\System32\UMPDC.dll
0x00007ffd6eb40000 - 0x00007ffd6eb92000 	C:\WINDOWS\System32\shlwapi.dll
0x00007ffd6d910000 - 0x00007ffd6d921000 	C:\WINDOWS\System32\kernel.appcore.dll
0x00007ffd6dd50000 - 0x00007ffd6dd67000 	C:\WINDOWS\System32\cryptsp.dll
0x00007ffd4abb0000 - 0x00007ffd4abca000 	C:\Program Files\Java\jdk-9.0.1\bin\net.dll
0x00007ffd61110000 - 0x00007ffd61200000 	C:\WINDOWS\SYSTEM32\WINHTTP.dll
0x00007ffd6d150000 - 0x00007ffd6d1b7000 	C:\WINDOWS\system32\mswsock.dll
0x00007ffd4a780000 - 0x00007ffd4a791000 	C:\Program Files\Java\jdk-9.0.1\bin\nio.dll
0x00007ffd41470000 - 0x00007ffd414e2000 	C:\Users\Daniel\AppData\Local\Temp\lwjglDaniel\3.2.2-build-10\lwjgl.dll
0x00007ffd3ae50000 - 0x00007ffd3aeae000 	C:\Users\Daniel\AppData\Local\Temp\lwjglDaniel\3.2.2-build-10\glfw.dll
0x00007ffd6b970000 - 0x00007ffd6ba09000 	C:\WINDOWS\system32\uxtheme.dll
0x00007ffd3ce30000 - 0x00007ffd3ce73000 	C:\WINDOWS\SYSTEM32\dinput8.dll
0x00007ffd69530000 - 0x00007ffd69541000 	C:\WINDOWS\SYSTEM32\xinput1_4.dll
0x00007ffd6d710000 - 0x00007ffd6d73a000 	C:\WINDOWS\SYSTEM32\DEVOBJ.dll
0x00007ffd6be40000 - 0x00007ffd6be6d000 	C:\WINDOWS\SYSTEM32\dwmapi.dll
0x00007ffd5cca0000 - 0x00007ffd5cdbb000 	C:\WINDOWS\SYSTEM32\inputhost.dll
0x00007ffd6b180000 - 0x00007ffd6b254000 	C:\WINDOWS\SYSTEM32\CoreMessaging.dll
0x00007ffd680c0000 - 0x00007ffd683ea000 	C:\WINDOWS\SYSTEM32\CoreUIComponents.dll
0x00007ffd6c2c0000 - 0x00007ffd6c3b0000 	C:\WINDOWS\SYSTEM32\PROPSYS.dll
0x00007ffd68680000 - 0x00007ffd687d3000 	C:\WINDOWS\SYSTEM32\wintypes.dll
0x00007ffd6f080000 - 0x00007ffd6f145000 	C:\WINDOWS\System32\OLEAUT32.dll
0x00007ffd6ca30000 - 0x00007ffd6ca61000 	C:\WINDOWS\SYSTEM32\ntmarta.dll
0x00007ffd70380000 - 0x00007ffd704b5000 	C:\WINDOWS\System32\MSCTF.dll
0x00007ffd6c2b0000 - 0x00007ffd6c2be000 	C:\WINDOWS\SYSTEM32\HID.DLL
0x00007ffd6eba0000 - 0x00007ffd6f010000 	C:\WINDOWS\System32\SETUPAPI.DLL
0x00007ffd6e740000 - 0x00007ffd6e766000 	C:\WINDOWS\System32\bcrypt.dll
0x00007ffd6ea90000 - 0x00007ffd6eaec000 	C:\WINDOWS\System32\WINTRUST.dll
0x00007ffd6d930000 - 0x00007ffd6d942000 	C:\WINDOWS\System32\MSASN1.dll
0x00007ffd6e840000 - 0x00007ffd6e989000 	C:\WINDOWS\System32\CRYPT32.dll
0x00007ffd24290000 - 0x00007ffd243e6000 	C:\WINDOWS\SYSTEM32\opengl32.dll
0x00007ffd4a6f0000 - 0x00007ffd4a71c000 	C:\WINDOWS\SYSTEM32\GLU32.dll
0x00007ffd6c510000 - 0x00007ffd6c530000 	C:\WINDOWS\SYSTEM32\dxcore.dll
0x00007ffcf8300000 - 0x00007ffcfac89000 	C:\WINDOWS\System32\DriverStore\FileRepository\nv_dispi.inf_amd64_2635d5c616c804dc\nvoglv64.dll
0x00007ffd6f8a0000 - 0x00007ffd6f9f7000 	C:\WINDOWS\System32\ole32.dll
0x00007ffd6a1a0000 - 0x00007ffd6a1b3000 	C:\WINDOWS\SYSTEM32\WTSAPI32.dll
0x00007ffd68a20000 - 0x00007ffd68a4f000 	C:\WINDOWS\SYSTEM32\cryptnet.dll
0x00007ffd6d320000 - 0x00007ffd6d32c000 	C:\WINDOWS\SYSTEM32\cryptbase.dll
0x00007ffd1f9c0000 - 0x00007ffd1fc79000 	C:\WINDOWS\system32\nvspcap64.dll
0x00007ffd6c950000 - 0x00007ffd6c9a6000 	C:\WINDOWS\SYSTEM32\WINSTA.dll
0x00007ffd5cdc0000 - 0x00007ffd5ce5e000 	C:\WINDOWS\System32\TextInputFramework.dll
0x00007ffd608a0000 - 0x00007ffd60b47000 	C:\WINDOWS\System32\iertutil.dll
0x00007ffd36320000 - 0x00007ffd36378000 	C:\Users\Daniel\AppData\Local\Temp\lwjglDaniel\3.2.2-build-10\lwjgl_opengl.dll
0x00007ffd28200000 - 0x00007ffd2827f000 	C:\Users\Daniel\AppData\Local\Temp\lwjglDaniel\3.2.2-build-10\lwjgl_stb.dll
0x00007ffd21890000 - 0x00007ffd21a29000 	C:\Program Files\Java\jdk-9.0.1\bin\awt.dll
0x00007ffd6a620000 - 0x00007ffd6abe0000 	C:\WINDOWS\SYSTEM32\d2d1.dll
0x00007ffd6b830000 - 0x00007ffd6b8bf000 	C:\WINDOWS\SYSTEM32\apphelp.dll
0x00007ffd22cb0000 - 0x00007ffd22d4d000 	C:\Program Files\Java\jdk-9.0.1\bin\fontmanager.dll
0x00007ffd59d80000 - 0x00007ffd59f47000 	C:\WINDOWS\system32\d3d9.dll
0x00007ffd5f230000 - 0x00007ffd5f335000 	C:\WINDOWS\System32\DriverStore\FileRepository\nv_dispi.inf_amd64_2635d5c616c804dc\nvldumdx.dll
0x00007ffd6eaf0000 - 0x00007ffd6eb0d000 	C:\WINDOWS\System32\imagehlp.dll
0x00007ffd6ccc0000 - 0x00007ffd6ccf3000 	C:\WINDOWS\system32\rsaenh.dll
0x00007ffd08d30000 - 0x00007ffd0a977000 	C:\WINDOWS\System32\DriverStore\FileRepository\nv_dispi.inf_amd64_2635d5c616c804dc\nvd3dumx.dll
0x00007ffd6c420000 - 0x00007ffd6c442000 	C:\WINDOWS\SYSTEM32\gpapi.dll
0x00007ffd3af70000 - 0x00007ffd3afb2000 	C:\Program Files\Java\jdk-9.0.1\bin\t2k.dll
0x00007ffd6d820000 - 0x00007ffd6d845000 	C:\WINDOWS\SYSTEM32\USERENV.dll
0x00007ffd6ce60000 - 0x00007ffd6ce9a000 	C:\WINDOWS\SYSTEM32\IPHLPAPI.DLL
0x00007ffd708d0000 - 0x00007ffd708d8000 	C:\WINDOWS\System32\NSI.dll
0x00007ffd5f360000 - 0x00007ffd5f376000 	C:\WINDOWS\SYSTEM32\dhcpcsvc6.DLL
0x00007ffd5f340000 - 0x00007ffd5f35c000 	C:\WINDOWS\SYSTEM32\dhcpcsvc.DLL
0x00007ffd6cea0000 - 0x00007ffd6cf6b000 	C:\WINDOWS\SYSTEM32\DNSAPI.dll
0x00007ffd36410000 - 0x00007ffd36499000 	C:\Program Files (x86)\Overwolf\0.159.0.31\OWExplorer.dll
0x00007ffd527e0000 - 0x00007ffd529d4000 	C:\WINDOWS\SYSTEM32\dbghelp.dll

VM Arguments:
jvm_args: -Dfile.encoding=windows-1252 -Duser.country=US -Duser.language=en -Duser.variant 
java_command: net.sknv.game.Main
java_class_path (initial): C:\Users\Daniel\IdeaProjects\lekek\build\classes\java\main;C:\Users\Daniel\IdeaProjects\lekek\build\resources\main;C:\Gradle\caches\modules-2\files-2.1\org.l33tlabs.twl\pngdecoder\1.0\6422688e344db244da42244b21998284bf098948\pngdecoder-1.0.jar;C:\Gradle\caches\modules-2\files-2.1\com.google.guava\guava\28.1-jre\b0e91dcb6a44ffb6221b5027e12a5cb34b841145\guava-28.1-jre.jar;C:\Gradle\caches\modules-2\files-2.1\org.apache.commons\commons-lang3\3.10\e155460aaf5b464062a09c3923f089ce99128a17\commons-lang3-3.10.jar;C:\Gradle\caches\modules-2\files-2.1\org.lwjgl\lwjgl-assimp\3.2.2\d4128312444099cea3c4dbb77f5098d19e340d\lwjgl-assimp-3.2.2.jar;C:\Gradle\caches\modules-2\files-2.1\org.lwjgl\lwjgl-assimp\3.2.2\4fde40b59f2fdf2f9744ca065d290523e84300f3\lwjgl-assimp-3.2.2-natives-windows.jar;C:\Gradle\caches\modules-2\files-2.1\org.lwjgl\lwjgl-bgfx\3.2.2\9dcb34f1b257957296bbc8d97d683cc163a760fc\lwjgl-bgfx-3.2.2.jar;C:\Gradle\caches\modules-2\files-2.1\org.lwjgl\lwjgl-bgfx\3.2.2\33b2133c03b1c3342a8488e85329f2be74e71b6e\lwjgl-bgfx-3.2.2-natives-windows.jar;C:\Gradle\caches\modules-2\files-2.1\org.lwjgl\lwjgl-glfw\3.2.2\d3ad4df38e400b8afba1de63f84338809399df5b\lwjgl-glfw-3.2.2.jar;C:\Gradle\caches\modules-2\files-2.1\org.lwjgl\lwjgl-glfw\3.2.2\dc6826d636bf796b33a49038c354210e661bfc17\lwjgl-glfw-3.2.2-natives-windows.jar;C:\Gradle\caches\modules-2\files-2.1\org.lwjgl\lwjgl-nanovg\3.2.2\7dc8f7782e93c80e5e0c299ec8174547c501f56b\lwjgl-nanovg-3.2.2.jar;C:\Gradle\caches\modules-2\files-2.1\org.lwjgl\lwjgl-nanovg\3.2.2\51c311b3ca3aa353d6c47bbb71c881fd833832f\lwjgl-nanovg-3.2.2-natives-windows.jar;C:\Gradle\caches\modules-2\files-2.1\org.lwjgl\lwjgl-nuklear\3.2.2\3948ab49e55aae665277b8c3e2a5e46e3d8e2e8\lwjgl-nuklear-3.2.2.jar;C:\Gradle\caches\modules-2\files-2.1\org.lwjgl\lwjgl-nuklear\3.2.2\1109de20a11fca642d4633365d46e8b702606343\lwjgl-nuklear-3.2.2-natives-windows.jar;C:\Gradle\caches\modules-2\files-2.1\org.lwjgl\lwjgl-openal\3.2.2\2b772a102b0a11ee5f2109a5b136f
Launcher Type: SUN_STANDARD

Logging:
Log output configuration:
#0: stdout all=warning uptime,level,tags
#1: stderr all=off uptime,level,tags

Environment Variables:
PATH=C:\Program Files\Java\jdk-9.0.1\bin;C:\WINDOWS\system32;C:\WINDOWS;C:\WINDOWS\System32\Wbem;C:\WINDOWS\System32\WindowsPowerShell\v1.0\;C:\Program Files (x86)\NVIDIA Corporation\PhysX\Common;C:\Users\Daniel\.dnx\bin;C:\Program Files\Microsoft DNX\Dnvm\;C:\Program Files\Microsoft SQL Server\130\Tools\Binn\;C:\Program Files\Git\cmd;C:\Program Files\SQL Anywhere 12\bin64;C:\Program Files\SQL Anywhere 12\bin32;C:\Program Files (x86)\Windows Kits\8.1\Windows Performance Toolkit\;C:\Gradle\gradle-4.4.1\bin;C:\Users\Daniel\AppData\Local\Programs\Python\Python36-32;C:\WINDOWS\System32\OpenSSH\;C:\Program Files (x86)\Windows Live\Shared;;C:\WINDOWS\system32;C:\WINDOWS;C:\WINDOWS\System32\Wbem;C:\WINDOWS\System32\WindowsPowerShell\v1.0\;C:\WINDOWS\System32\OpenSSH\;C:\Program Files\NVIDIA Corporation\NVIDIA NvDLISR;C:\Users\Daniel\AppData\Local\atom\bin;C:\Users\Daniel\AppData\Local\Microsoft\WindowsApps
USERNAME=Daniel
OS=Windows_NT
PROCESSOR_IDENTIFIER=Intel64 Family 6 Model 60 Stepping 3, GenuineIntel



---------------  S Y S T E M  ---------------

OS: Windows 10 , 64 bit Build 18362 (10.0.18362.1110)

CPU:total 4 (initial active 4) (4 cores per cpu, 1 threads per core) family 6 model 60 stepping 3, cmov, cx8, fxsr, mmx, sse, sse2, sse3, ssse3, sse4.1, sse4.2, popcnt, avx, avx2, aes, clmul, erms, lzcnt, tsc, tscinvbit, bmi1, bmi2, fma

Memory: 4k page, physical 16718560k(8333448k free), swap 21437152k(11147236k free)

vm_info: Java HotSpot(TM) 64-Bit Server VM (9.0.1+11) for windows-amd64 JRE (9.0.1+11), built on Sep 28 2017 04:54:03 by "mach5one" with MS VC++ 12.0 (VS2013)

END.
